<?xml version="1.0" encoding="UTF-8"?>
<testsuite xmlns:xsi="http://www.w3.org/2001/XMLSchema-instance" xsi:noNamespaceSchemaLocation="https://maven.apache.org/surefire/maven-surefire-plugin/xsd/surefire-test-report.xsd" version="3.0.2" name="com.mabjaiainn.proj.ProjApplicationTests" time="26.185" tests="1" errors="0" skipped="0" failures="0" flakes="0">
  <properties>
[...]
</properties>
  <testcase name="contextLoads" classname="com.mabjaiainn.proj.ProjApplicationTests" time="2.077">
    <system-out><![CDATA[11:25:07.361 [main] INFO org.springframework.test.context.support.AnnotationConfigContextLoaderUtils -- Could not detect default configuration classes for test class [com.mabjaiainn.proj.ProjApplicationTests]: ProjApplicationTests does not declare any static, non-private, non-final, nested classes annotated with @Configuration.
11:25:07.627 [main] INFO org.springframework.boot.test.context.SpringBootTestContextBootstrapper -- Found @SpringBootConfiguration com.mabjaiainn.proj.ProjApplication for test class com.mabjaiainn.proj.ProjApplicationTests
11:25:07.874 [main] INFO org.springframework.test.context.support.AnnotationConfigContextLoaderUtils -- Could not detect default configuration classes for test class [com.mabjaiainn.proj.ProjApplicationTests]: ProjApplicationTests does not declare any static, non-private, non-final, nested classes annotated with @Configuration.
11:25:07.878 [main] INFO org.springframework.boot.test.context.SpringBootTestContextBootstrapper -- Found @SpringBootConfiguration com.mabjaiainn.proj.ProjApplication for test class com.mabjaiainn.proj.ProjApplicationTests
11:25:08.105 [main] INFO org.springframework.boot.devtools.restart.RestartApplicationListener -- Restart disabled due to context in which it is running

  .   ____          _            __ _ _
 /\\ / ___'_ __ _ _(_)_ __  __ _ \ \ \ \
( ( )\___ | '_ | '_| | '_ \/ _` | \ \ \ \
 \\/  ___)| |_)| | | | | || (_| |  ) ) ) )
  '  |____| .__|_| |_|_| |_\__, | / / / /
 =========|_|==============|___/=/_/_/_/

 :: Spring Boot ::                (v4.1.0)

2026-06-30T11:25:08.853-07:00  INFO 9936 --- [proj] [           main] c.mabjaiainn.proj.ProjApplicationTests   : Starting ProjApplicationTests using Java 26.0.1 with PID 9936 (started by linnkjoe in E:\Spring Boot\projects\guesthouse-fullstack-app)
2026-06-30T11:25:08.857-07:00  INFO 9936 --- [proj] [           main] c.mabjaiainn.proj.ProjApplicationTests   : No active profile set, falling back to 1 default profile: "default"
2026-06-30T11:25:11.326-07:00  INFO 9936 --- [proj] [           main] .s.d.r.c.RepositoryConfigurationDelegate : Bootstrapping Spring Data JPA repositories in DEFAULT mode.
2026-06-30T11:25:11.494-07:00  INFO 9936 --- [proj] [           main] .s.d.r.c.RepositoryConfigurationDelegate : Finished Spring Data repository scanning in 140 ms. Found 4 JPA repository interfaces.
2026-06-30T11:25:13.679-07:00  INFO 9936 --- [proj] [           main] org.hibernate.orm.jpa                    : HHH008540: Processing PersistenceUnitInfo [name: default]
2026-06-30T11:25:14.613-07:00  INFO 9936 --- [proj] [           main] org.hibernate.orm.core                   : HHH000001: Hibernate ORM core version 7.4.1.Final
2026-06-30T11:25:17.394-07:00  INFO 9936 --- [proj] [           main] o.s.o.j.p.SpringPersistenceUnitInfo      : No LoadTimeWeaver setup: ignoring JPA class transformer
2026-06-30T11:25:17.641-07:00  INFO 9936 --- [proj] [           main] com.zaxxer.hikari.HikariDataSource       : HikariPool-1 - Starting...
2026-06-30T11:25:19.348-07:00  INFO 9936 --- [proj] [           main] com.zaxxer.hikari.pool.HikariPool        : HikariPool-1 - Added connection oracle.jdbc.driver.T4CConnection@3c6b300a
2026-06-30T11:25:19.352-07:00  INFO 9936 --- [proj] [           main] com.zaxxer.hikari.HikariDataSource       : HikariPool-1 - Start completed.
2026-06-30T11:25:20.807-07:00  WARN 9936 --- [proj] [           main] org.hibernate.orm.jdbc                   : HHH100123: Low default JDBC fetch size: 10 (consider setting 'hibernate.jdbc.fetch_size')
2026-06-30T11:25:20.868-07:00  INFO 9936 --- [proj] [           main] org.hibernate.orm.connections.pooling    : HHH10001005: Database info:
	Database JDBC URL [jdbc:oracle:thin:@localhost:1521/XEPDB1]
	Database driver: Oracle JDBC driver
	Database dialect: OracleDialect
	Database version: 21.3
	Default catalog/schema: undefined/MABJAIAINN
	Autocommit mode: undefined/unknown
	Isolation level: READ_COMMITTED [default READ_COMMITTED]
	JDBC fetch size: 10
	Pool: DataSourceConnectionProvider
	Minimum pool size: undefined/unknown
	Maximum pool size: undefined/unknown
Hibernate: 
    create global temporary table HTE_packs(duration number(10, 0), packAc number(1, 0), rn_ number(10, 0) not null, packId number(19, 0), packPrice binary_double, packName varchar2(255 char), primary key (rn_)) 
        on commit delete rows
Hibernate: 
    create global temporary table HTE_client(phoneNumber number(10, 0), rn_ number(10, 0) not null, clientId number(19, 0), clientEmail varchar2(100 char), clientFirstName varchar2(255 char), clientLastName varchar2(255 char), clientPassword varchar2(255 char), primary key (rn_)) 
        on commit delete rows
Hibernate: 
    create global temporary table HTE_booking(advancedPayment number(38, 2), rn_ number(10, 0) not null, totalPrice number(38, 2), bookingEnter timestamp(9), bookingId number(19, 0), bookingOut timestamp(9), client_clientId number(19, 0), pack_packId number(19, 0), room_roomId number(19, 0), primary key (rn_)) 
        on commit delete rows
Hibernate: 
    create global temporary table HTE_room(rn_ number(10, 0) not null, roomNumber number(10, 0), roomId number(19, 0), status varchar2(255 char), primary key (rn_)) 
        on commit delete rows
2026-06-30T11:25:25.427-07:00  INFO 9936 --- [proj] [           main] org.hibernate.orm.core                   : HHH000489: No JTA platform available (set 'hibernate.transaction.jta.platform' to enable JTA platform integration)
2026-06-30T11:25:25.763-07:00  INFO 9936 --- [proj] [           main] j.LocalContainerEntityManagerFactoryBean : Initialized JPA EntityManagerFactory for persistence unit 'default'
2026-06-30T11:25:26.080-07:00  INFO 9936 --- [proj] [           main] o.s.d.j.r.query.QueryEnhancerFactories   : Hibernate is in classpath; If applicable, HQL parser will be used.
2026-06-30T11:25:26.750-07:00  WARN 9936 --- [proj] [           main] JpaBaseConfiguration$JpaWebConfiguration : spring.jpa.open-in-view is enabled by default. Therefore, database queries may be performed during view rendering. Explicitly configure spring.jpa.open-in-view to disable this warning
2026-06-30T11:25:27.568-07:00  INFO 9936 --- [proj] [           main] r$InitializeUserDetailsManagerConfigurer : Global AuthenticationManager configured with UserDetailsService bean with name inMemoryUserDetailsManager
2026-06-30T11:25:30.890-07:00  INFO 9936 --- [proj] [           main] c.mabjaiainn.proj.ProjApplicationTests   : Started ProjApplicationTests in 22.822 seconds (process running for 25.905)
]]></system-out>
    <system-err><![CDATA[Mockito is currently self-attaching to enable the inline-mock-maker. This will no longer work in future releases of the JDK. Please add Mockito as an agent to your build as described in Mockito's documentation: https://javadoc.io/doc/org.mockito/mockito-core/latest/org.mockito/org/mockito/Mockito.html#0.3
WARNING: A Java agent has been loaded dynamically (C:\Users\linnkjoe\.m2\repository\net\bytebuddy\byte-buddy-agent\1.18.10\byte-buddy-agent-1.18.10.jar)
WARNING: If a serviceability tool is in use, please run with -XX:+EnableDynamicAgentLoading to hide this warning
WARNING: If a serviceability tool is not in use, please run with -Djdk.instrument.traceUsage for more information
WARNING: Dynamic loading of agents will be disallowed by default in a future release
]]></system-err>
  </testcase>
</testsuite>